Mock Version: 1.2.20
Mock Version: 1.2.20
Mock Version: 1.2.20
Mock Version: 1.2.20
Mock Version: 1.2.20
Mock Version: 1.2.20
Mock Version: 1.2.20
ENTER ['do'](['bash', '--login', '-c', '/usr/bin/rpmbuild -bs --target x86_64 --nodeps /builddir/build/SPECS/grafana_dashboards.spec'], chrootPath='/var/lib/mock/epel-7-x86_64/root'shell=FalseprintOutput=Falseenv={'LANG': 'en_US.UTF-8', 'TERM': 'vt100', 'SHELL': '/bin/bash', 'HOSTNAME': 'mock', 'PROMPT_COMMAND': 'printf "\\033]0;<mock-chroot>\\007"', 'HOME': '/builddir', 'PATH': '/usr/bin:/bin:/usr/sbin:/sbin', 'PS1': '<mock-chroot> \\s-\\v\\$ '}gid=135user='mockbuild'timeout=0logger=<mockbuild.trace_decorator.getLog object at 0x1b0d610>uid=1000)
Executing command: ['bash', '--login', '-c', '/usr/bin/rpmbuild -bs --target x86_64 --nodeps /builddir/build/SPECS/grafana_dashboards.spec'] with env {'LANG': 'en_US.UTF-8', 'TERM': 'vt100', 'SHELL': '/bin/bash', 'HOSTNAME': 'mock', 'PROMPT_COMMAND': 'printf "\\033]0;<mock-chroot>\\007"', 'HOME': '/builddir', 'PATH': '/usr/bin:/bin:/usr/sbin:/sbin', 'PS1': '<mock-chroot> \\s-\\v\\$ '} and shell False
warning: Could not canonicalize hostname: racerx
Building target platforms: x86_64
Building for target x86_64
Wrote: /builddir/build/SRPMS/grafana-dashboards-simp-0.0.1-Alpha.src.rpm
Child return code was: 0
Mock Version: 1.2.20
ENTER ['do'](['bash', '--login', '-c', '/usr/bin/rpmbuild -bs --target x86_64 --nodeps /builddir/build/SPECS/grafana_dashboards.spec'], chrootPath='/var/lib/mock/epel-7-x86_64/root'shell=FalseprintOutput=Falseenv={'LANG': 'en_US.UTF-8', 'TERM': 'vt100', 'SHELL': '/bin/bash', 'HOSTNAME': 'mock', 'PROMPT_COMMAND': 'printf "\\033]0;<mock-chroot>\\007"', 'HOME': '/builddir', 'PATH': '/usr/bin:/bin:/usr/sbin:/sbin', 'PS1': '<mock-chroot> \\s-\\v\\$ '}gid=135user='mockbuild'timeout=0logger=<mockbuild.trace_decorator.getLog object at 0x272d610>uid=1000)
Executing command: ['bash', '--login', '-c', '/usr/bin/rpmbuild -bs --target x86_64 --nodeps /builddir/build/SPECS/grafana_dashboards.spec'] with env {'LANG': 'en_US.UTF-8', 'TERM': 'vt100', 'SHELL': '/bin/bash', 'HOSTNAME': 'mock', 'PROMPT_COMMAND': 'printf "\\033]0;<mock-chroot>\\007"', 'HOME': '/builddir', 'PATH': '/usr/bin:/bin:/usr/sbin:/sbin', 'PS1': '<mock-chroot> \\s-\\v\\$ '} and shell False
warning: Could not canonicalize hostname: racerx
Building target platforms: x86_64
Building for target x86_64
Wrote: /builddir/build/SRPMS/grafana-dashboards-simp-0.0.1-Alpha.src.rpm
Child return code was: 0
ENTER ['do'](['bash', '--login', '-c', u'/usr/bin/rpmbuild -bb --target x86_64 --nodeps /builddir/build/SPECS/grafana_dashboards.spec'], chrootPath='/var/lib/mock/epel-7-x86_64/root'shell=Falseuid=1000env={'LANG': 'en_US.UTF-8', 'TERM': 'vt100', 'SHELL': '/bin/bash', 'HOSTNAME': 'mock', 'PROMPT_COMMAND': 'printf "\\033]0;<mock-chroot>\\007"', 'HOME': '/builddir', 'PATH': '/usr/bin:/bin:/usr/sbin:/sbin', 'PS1': '<mock-chroot> \\s-\\v\\$ '}gid=135user='mockbuild'timeout=0private_network=Truelogger=<mockbuild.trace_decorator.getLog object at 0x272d610>printOutput=False)
Executing command: ['bash', '--login', '-c', u'/usr/bin/rpmbuild -bb --target x86_64 --nodeps /builddir/build/SPECS/grafana_dashboards.spec'] with env {'LANG': 'en_US.UTF-8', 'TERM': 'vt100', 'SHELL': '/bin/bash', 'HOSTNAME': 'mock', 'PROMPT_COMMAND': 'printf "\\033]0;<mock-chroot>\\007"', 'HOME': '/builddir', 'PATH': '/usr/bin:/bin:/usr/sbin:/sbin', 'PS1': '<mock-chroot> \\s-\\v\\$ '} and shell False
Building target platforms: x86_64
Building for target x86_64
Executing(%prep): /bin/sh -e /var/tmp/rpm-tmp.VhIoIj
+ umask 022
+ cd /builddir/build/BUILD
+ cd /builddir/build/BUILD
+ rm -rf grafana-dashboards-simp-0.0.1
+ /usr/bin/gzip -dc /builddir/build/SOURCES/grafana-dashboards-simp-0.0.1-Alpha.tar.gz
+ /usr/bin/tar -xf -
+ STATUS=0
+ '[' 0 -ne 0 ']'
+ cd grafana-dashboards-simp-0.0.1
+ /usr/bin/chmod -Rf a+rX,u+w,g-w,o-w .
+ exit 0
Executing(%build): /bin/sh -e /var/tmp/rpm-tmp.fbZkPb
+ umask 022
+ cd /builddir/build/BUILD
+ cd grafana-dashboards-simp-0.0.1
+ exit 0
Executing(%install): /bin/sh -e /var/tmp/rpm-tmp.VxXxW3
+ umask 022
+ cd /builddir/build/BUILD
+ '[' /builddir/build/BUILDROOT/grafana-dashboards-simp-0.0.1-Alpha.x86_64 '!=' / ']'
+ rm -rf /builddir/build/BUILDROOT/grafana-dashboards-simp-0.0.1-Alpha.x86_64
++ dirname /builddir/build/BUILDROOT/grafana-dashboards-simp-0.0.1-Alpha.x86_64
+ mkdir -p /builddir/build/BUILDROOT
+ mkdir /builddir/build/BUILDROOT/grafana-dashboards-simp-0.0.1-Alpha.x86_64
+ cd grafana-dashboards-simp-0.0.1
+ mkdir -p /builddir/build/BUILDROOT/grafana-dashboards-simp-0.0.1-Alpha.x86_64/var/lib/grafana/dashboards
+ install -p -m 640 -D src/ssh.json /var/lib/grafana/dashboards
install: cannot create directory /var/lib/grafana: Permission denied
RPM build errors:
error: Bad exit status from /var/tmp/rpm-tmp.VxXxW3 (%install)
    Bad exit status from /var/tmp/rpm-tmp.VxXxW3 (%install)
Child return code was: 1
EXCEPTION: [Error()]
Traceback (most recent call last):
  File "/usr/lib/python2.7/site-packages/mockbuild/trace_decorator.py", line 88, in trace
    result = func(*args, **kw)
  File "/usr/lib/python2.7/site-packages/mockbuild/util.py", line 562, in do
    raise exception.Error("Command failed. See logs for output.\n # %s" % (command,), child.returncode)
Error: Command failed. See logs for output.
 # bash --login -c /usr/bin/rpmbuild -bb --target x86_64 --nodeps /builddir/build/SPECS/grafana_dashboards.spec
Mock Version: 1.2.20
Mock Version: 1.2.20
Mock Version: 1.2.20
Mock Version: 1.2.20
Mock Version: 1.2.20
Mock Version: 1.2.20
Mock Version: 1.2.20
ENTER ['do'](['bash', '--login', '-c', '/usr/bin/rpmbuild -bs --target x86_64 --nodeps /builddir/build/SPECS/grafana_dashboards.spec'], chrootPath='/var/lib/mock/epel-7-x86_64/root'shell=FalseprintOutput=Falseenv={'LANG': 'en_US.UTF-8', 'TERM': 'vt100', 'SHELL': '/bin/bash', 'HOSTNAME': 'mock', 'PROMPT_COMMAND': 'printf "\\033]0;<mock-chroot>\\007"', 'HOME': '/builddir', 'PATH': '/usr/bin:/bin:/usr/sbin:/sbin', 'PS1': '<mock-chroot> \\s-\\v\\$ '}gid=135user='mockbuild'timeout=0logger=<mockbuild.trace_decorator.getLog object at 0x2060610>uid=1000)
Executing command: ['bash', '--login', '-c', '/usr/bin/rpmbuild -bs --target x86_64 --nodeps /builddir/build/SPECS/grafana_dashboards.spec'] with env {'LANG': 'en_US.UTF-8', 'TERM': 'vt100', 'SHELL': '/bin/bash', 'HOSTNAME': 'mock', 'PROMPT_COMMAND': 'printf "\\033]0;<mock-chroot>\\007"', 'HOME': '/builddir', 'PATH': '/usr/bin:/bin:/usr/sbin:/sbin', 'PS1': '<mock-chroot> \\s-\\v\\$ '} and shell False
warning: Could not canonicalize hostname: racerx
Building target platforms: x86_64
Building for target x86_64
Wrote: /builddir/build/SRPMS/grafana-dashboards-simp-0.0.1-Alpha.src.rpm
Child return code was: 0
Mock Version: 1.2.20
ENTER ['do'](['bash', '--login', '-c', '/usr/bin/rpmbuild -bs --target x86_64 --nodeps /builddir/build/SPECS/grafana_dashboards.spec'], chrootPath='/var/lib/mock/epel-7-x86_64/root'shell=FalseprintOutput=Falseenv={'LANG': 'en_US.UTF-8', 'TERM': 'vt100', 'SHELL': '/bin/bash', 'HOSTNAME': 'mock', 'PROMPT_COMMAND': 'printf "\\033]0;<mock-chroot>\\007"', 'HOME': '/builddir', 'PATH': '/usr/bin:/bin:/usr/sbin:/sbin', 'PS1': '<mock-chroot> \\s-\\v\\$ '}gid=135user='mockbuild'timeout=0logger=<mockbuild.trace_decorator.getLog object at 0x1a6b610>uid=1000)
Executing command: ['bash', '--login', '-c', '/usr/bin/rpmbuild -bs --target x86_64 --nodeps /builddir/build/SPECS/grafana_dashboards.spec'] with env {'LANG': 'en_US.UTF-8', 'TERM': 'vt100', 'SHELL': '/bin/bash', 'HOSTNAME': 'mock', 'PROMPT_COMMAND': 'printf "\\033]0;<mock-chroot>\\007"', 'HOME': '/builddir', 'PATH': '/usr/bin:/bin:/usr/sbin:/sbin', 'PS1': '<mock-chroot> \\s-\\v\\$ '} and shell False
warning: Could not canonicalize hostname: racerx
Building target platforms: x86_64
Building for target x86_64
Wrote: /builddir/build/SRPMS/grafana-dashboards-simp-0.0.1-Alpha.src.rpm
Child return code was: 0
ENTER ['do'](['bash', '--login', '-c', u'/usr/bin/rpmbuild -bb --target x86_64 --nodeps /builddir/build/SPECS/grafana_dashboards.spec'], chrootPath='/var/lib/mock/epel-7-x86_64/root'shell=Falseuid=1000env={'LANG': 'en_US.UTF-8', 'TERM': 'vt100', 'SHELL': '/bin/bash', 'HOSTNAME': 'mock', 'PROMPT_COMMAND': 'printf "\\033]0;<mock-chroot>\\007"', 'HOME': '/builddir', 'PATH': '/usr/bin:/bin:/usr/sbin:/sbin', 'PS1': '<mock-chroot> \\s-\\v\\$ '}gid=135user='mockbuild'timeout=0private_network=Truelogger=<mockbuild.trace_decorator.getLog object at 0x1a6b610>printOutput=False)
Executing command: ['bash', '--login', '-c', u'/usr/bin/rpmbuild -bb --target x86_64 --nodeps /builddir/build/SPECS/grafana_dashboards.spec'] with env {'LANG': 'en_US.UTF-8', 'TERM': 'vt100', 'SHELL': '/bin/bash', 'HOSTNAME': 'mock', 'PROMPT_COMMAND': 'printf "\\033]0;<mock-chroot>\\007"', 'HOME': '/builddir', 'PATH': '/usr/bin:/bin:/usr/sbin:/sbin', 'PS1': '<mock-chroot> \\s-\\v\\$ '} and shell False
Building target platforms: x86_64
Building for target x86_64
Executing(%prep): /bin/sh -e /var/tmp/rpm-tmp.4abK3n
+ umask 022
+ cd /builddir/build/BUILD
+ cd /builddir/build/BUILD
+ rm -rf grafana-dashboards-simp-0.0.1
+ /usr/bin/gzip -dc /builddir/build/SOURCES/grafana-dashboards-simp-0.0.1-Alpha.tar.gz
+ /usr/bin/tar -xf -
+ STATUS=0
+ '[' 0 -ne 0 ']'
+ cd grafana-dashboards-simp-0.0.1
+ /usr/bin/chmod -Rf a+rX,u+w,g-w,o-w .
+ exit 0
Executing(%build): /bin/sh -e /var/tmp/rpm-tmp.PSyCgf
+ umask 022
+ cd /builddir/build/BUILD
+ cd grafana-dashboards-simp-0.0.1
+ exit 0
Executing(%install): /bin/sh -e /var/tmp/rpm-tmp.odHKt6
+ umask 022
+ cd /builddir/build/BUILD
+ '[' /builddir/build/BUILDROOT/grafana-dashboards-simp-0.0.1-Alpha.x86_64 '!=' / ']'
+ rm -rf /builddir/build/BUILDROOT/grafana-dashboards-simp-0.0.1-Alpha.x86_64
++ dirname /builddir/build/BUILDROOT/grafana-dashboards-simp-0.0.1-Alpha.x86_64
+ mkdir -p /builddir/build/BUILDROOT
+ mkdir /builddir/build/BUILDROOT/grafana-dashboards-simp-0.0.1-Alpha.x86_64
+ cd grafana-dashboards-simp-0.0.1
+ mkdir -p /builddir/build/BUILDROOT/grafana-dashboards-simp-0.0.1-Alpha.x86_64/var/lib/grafana/dashboards
+ install -p -m 640 -D src/ssh.json /builddir/build/BUILDROOT/grafana-dashboards-simp-0.0.1-Alpha.x86_64/var/lib/grafana/dashboards
+ /usr/lib/rpm/find-debuginfo.sh --strict-build-id -m --run-dwz --dwz-low-mem-die-limit 10000000 --dwz-max-die-limit 110000000 /builddir/build/BUILD/grafana-dashboards-simp-0.0.1
/usr/lib/rpm/sepdebugcrcfix: Updated 0 CRC32s, 0 CRC32s did match.
+ /usr/lib/rpm/check-buildroot
+ /usr/lib/rpm/redhat/brp-compress
+ /usr/lib/rpm/redhat/brp-strip-static-archive /usr/bin/strip
+ /usr/lib/rpm/brp-python-bytecompile /usr/bin/python 1
+ /usr/lib/rpm/redhat/brp-python-hardlink
+ /usr/lib/rpm/redhat/brp-java-repack-jars
Processing files: grafana-dashboards-simp-0.0.1-Alpha.noarch
Provides: grafana-dashboards-simp = 0.0.1-Alpha
Requires(interp): /bin/sh /bin/sh
Requires(rpmlib): rpmlib(FileDigests) <= 4.6.0-1 rpmlib(PayloadFilesHavePrefix) <= 4.0-1 rpmlib(CompressedFileNames) <= 3.0.4-1
Requires(post): /bin/sh
Requires(postun): /bin/sh
Checking for unpackaged file(s): /usr/lib/rpm/check-files /builddir/build/BUILDROOT/grafana-dashboards-simp-0.0.1-Alpha.x86_64
RPM build errors:
error: Installed (but unpackaged) file(s) found:
   /var/lib/grafana/dashboards/ssh.json
    Installed (but unpackaged) file(s) found:
   /var/lib/grafana/dashboards/ssh.json
Child return code was: 1
EXCEPTION: [Error()]
Traceback (most recent call last):
  File "/usr/lib/python2.7/site-packages/mockbuild/trace_decorator.py", line 88, in trace
    result = func(*args, **kw)
  File "/usr/lib/python2.7/site-packages/mockbuild/util.py", line 562, in do
    raise exception.Error("Command failed. See logs for output.\n # %s" % (command,), child.returncode)
Error: Command failed. See logs for output.
 # bash --login -c /usr/bin/rpmbuild -bb --target x86_64 --nodeps /builddir/build/SPECS/grafana_dashboards.spec
Mock Version: 1.2.20
Mock Version: 1.2.20
Mock Version: 1.2.20
Mock Version: 1.2.20
Mock Version: 1.2.20
Mock Version: 1.2.20
Mock Version: 1.2.20
ENTER ['do'](['bash', '--login', '-c', '/usr/bin/rpmbuild -bs --target x86_64 --nodeps /builddir/build/SPECS/grafana_dashboards.spec'], chrootPath='/var/lib/mock/epel-7-x86_64/root'shell=FalseprintOutput=Falseenv={'LANG': 'en_US.UTF-8', 'TERM': 'vt100', 'SHELL': '/bin/bash', 'HOSTNAME': 'mock', 'PROMPT_COMMAND': 'printf "\\033]0;<mock-chroot>\\007"', 'HOME': '/builddir', 'PATH': '/usr/bin:/bin:/usr/sbin:/sbin', 'PS1': '<mock-chroot> \\s-\\v\\$ '}gid=135user='mockbuild'timeout=0logger=<mockbuild.trace_decorator.getLog object at 0x1131610>uid=1000)
Executing command: ['bash', '--login', '-c', '/usr/bin/rpmbuild -bs --target x86_64 --nodeps /builddir/build/SPECS/grafana_dashboards.spec'] with env {'LANG': 'en_US.UTF-8', 'TERM': 'vt100', 'SHELL': '/bin/bash', 'HOSTNAME': 'mock', 'PROMPT_COMMAND': 'printf "\\033]0;<mock-chroot>\\007"', 'HOME': '/builddir', 'PATH': '/usr/bin:/bin:/usr/sbin:/sbin', 'PS1': '<mock-chroot> \\s-\\v\\$ '} and shell False
warning: Could not canonicalize hostname: racerx
Building target platforms: x86_64
Building for target x86_64
Wrote: /builddir/build/SRPMS/grafana-dashboards-simp-0.0.1-Alpha.src.rpm
Child return code was: 0
Mock Version: 1.2.20
ENTER ['do'](['bash', '--login', '-c', '/usr/bin/rpmbuild -bs --target x86_64 --nodeps /builddir/build/SPECS/grafana_dashboards.spec'], chrootPath='/var/lib/mock/epel-7-x86_64/root'shell=FalseprintOutput=Falseenv={'LANG': 'en_US.UTF-8', 'TERM': 'vt100', 'SHELL': '/bin/bash', 'HOSTNAME': 'mock', 'PROMPT_COMMAND': 'printf "\\033]0;<mock-chroot>\\007"', 'HOME': '/builddir', 'PATH': '/usr/bin:/bin:/usr/sbin:/sbin', 'PS1': '<mock-chroot> \\s-\\v\\$ '}gid=135user='mockbuild'timeout=0logger=<mockbuild.trace_decorator.getLog object at 0x148e610>uid=1000)
Executing command: ['bash', '--login', '-c', '/usr/bin/rpmbuild -bs --target x86_64 --nodeps /builddir/build/SPECS/grafana_dashboards.spec'] with env {'LANG': 'en_US.UTF-8', 'TERM': 'vt100', 'SHELL': '/bin/bash', 'HOSTNAME': 'mock', 'PROMPT_COMMAND': 'printf "\\033]0;<mock-chroot>\\007"', 'HOME': '/builddir', 'PATH': '/usr/bin:/bin:/usr/sbin:/sbin', 'PS1': '<mock-chroot> \\s-\\v\\$ '} and shell False
warning: Could not canonicalize hostname: racerx
Building target platforms: x86_64
Building for target x86_64
Wrote: /builddir/build/SRPMS/grafana-dashboards-simp-0.0.1-Alpha.src.rpm
Child return code was: 0
ENTER ['do'](['bash', '--login', '-c', u'/usr/bin/rpmbuild -bb --target x86_64 --nodeps /builddir/build/SPECS/grafana_dashboards.spec'], chrootPath='/var/lib/mock/epel-7-x86_64/root'shell=Falseuid=1000env={'LANG': 'en_US.UTF-8', 'TERM': 'vt100', 'SHELL': '/bin/bash', 'HOSTNAME': 'mock', 'PROMPT_COMMAND': 'printf "\\033]0;<mock-chroot>\\007"', 'HOME': '/builddir', 'PATH': '/usr/bin:/bin:/usr/sbin:/sbin', 'PS1': '<mock-chroot> \\s-\\v\\$ '}gid=135user='mockbuild'timeout=0private_network=Truelogger=<mockbuild.trace_decorator.getLog object at 0x148e610>printOutput=False)
Executing command: ['bash', '--login', '-c', u'/usr/bin/rpmbuild -bb --target x86_64 --nodeps /builddir/build/SPECS/grafana_dashboards.spec'] with env {'LANG': 'en_US.UTF-8', 'TERM': 'vt100', 'SHELL': '/bin/bash', 'HOSTNAME': 'mock', 'PROMPT_COMMAND': 'printf "\\033]0;<mock-chroot>\\007"', 'HOME': '/builddir', 'PATH': '/usr/bin:/bin:/usr/sbin:/sbin', 'PS1': '<mock-chroot> \\s-\\v\\$ '} and shell False
Building target platforms: x86_64
Building for target x86_64
Executing(%prep): /bin/sh -e /var/tmp/rpm-tmp.LwkJi0
+ umask 022
+ cd /builddir/build/BUILD
+ cd /builddir/build/BUILD
+ rm -rf grafana-dashboards-simp-0.0.1
+ /usr/bin/gzip -dc /builddir/build/SOURCES/grafana-dashboards-simp-0.0.1-Alpha.tar.gz
+ /usr/bin/tar -xf -
+ STATUS=0
+ '[' 0 -ne 0 ']'
+ cd grafana-dashboards-simp-0.0.1
+ /usr/bin/chmod -Rf a+rX,u+w,g-w,o-w .
+ exit 0
Executing(%build): /bin/sh -e /var/tmp/rpm-tmp.g8Lc9W
+ umask 022
+ cd /builddir/build/BUILD
+ cd grafana-dashboards-simp-0.0.1
+ exit 0
Executing(%install): /bin/sh -e /var/tmp/rpm-tmp.R02VZT
+ umask 022
+ cd /builddir/build/BUILD
+ '[' /builddir/build/BUILDROOT/grafana-dashboards-simp-0.0.1-Alpha.x86_64 '!=' / ']'
+ rm -rf /builddir/build/BUILDROOT/grafana-dashboards-simp-0.0.1-Alpha.x86_64
++ dirname /builddir/build/BUILDROOT/grafana-dashboards-simp-0.0.1-Alpha.x86_64
+ mkdir -p /builddir/build/BUILDROOT
+ mkdir /builddir/build/BUILDROOT/grafana-dashboards-simp-0.0.1-Alpha.x86_64
+ cd grafana-dashboards-simp-0.0.1
+ mkdir -p /builddir/build/BUILDROOT/grafana-dashboards-simp-0.0.1-Alpha.x86_64/var/lib/grafana/dashboards
+ install -p -m 640 -D src/ssh.json /builddir/build/BUILDROOT/grafana-dashboards-simp-0.0.1-Alpha.x86_64/var/lib/grafana/dashboards
+ /usr/lib/rpm/find-debuginfo.sh --strict-build-id -m --run-dwz --dwz-low-mem-die-limit 10000000 --dwz-max-die-limit 110000000 /builddir/build/BUILD/grafana-dashboards-simp-0.0.1
/usr/lib/rpm/sepdebugcrcfix: Updated 0 CRC32s, 0 CRC32s did match.
+ /usr/lib/rpm/check-buildroot
+ /usr/lib/rpm/redhat/brp-compress
+ /usr/lib/rpm/redhat/brp-strip-static-archive /usr/bin/strip
+ /usr/lib/rpm/brp-python-bytecompile /usr/bin/python 1
+ /usr/lib/rpm/redhat/brp-python-hardlink
+ /usr/lib/rpm/redhat/brp-java-repack-jars
Processing files: grafana-dashboards-simp-0.0.1-Alpha.noarch
RPM build errors:
error: File must begin with "/": conf/ssh.json
    File must begin with "/": conf/ssh.json
Child return code was: 1
EXCEPTION: [Error()]
Traceback (most recent call last):
  File "/usr/lib/python2.7/site-packages/mockbuild/trace_decorator.py", line 88, in trace
    result = func(*args, **kw)
  File "/usr/lib/python2.7/site-packages/mockbuild/util.py", line 562, in do
    raise exception.Error("Command failed. See logs for output.\n # %s" % (command,), child.returncode)
Error: Command failed. See logs for output.
 # bash --login -c /usr/bin/rpmbuild -bb --target x86_64 --nodeps /builddir/build/SPECS/grafana_dashboards.spec
Mock Version: 1.2.20
Mock Version: 1.2.20
Mock Version: 1.2.20
Mock Version: 1.2.20
Mock Version: 1.2.20
Mock Version: 1.2.20
Mock Version: 1.2.20
ENTER ['do'](['bash', '--login', '-c', '/usr/bin/rpmbuild -bs --target x86_64 --nodeps /builddir/build/SPECS/grafana_dashboards.spec'], chrootPath='/var/lib/mock/epel-7-x86_64/root'shell=FalseprintOutput=Falseenv={'LANG': 'en_US.UTF-8', 'TERM': 'vt100', 'SHELL': '/bin/bash', 'HOSTNAME': 'mock', 'PROMPT_COMMAND': 'printf "\\033]0;<mock-chroot>\\007"', 'HOME': '/builddir', 'PATH': '/usr/bin:/bin:/usr/sbin:/sbin', 'PS1': '<mock-chroot> \\s-\\v\\$ '}gid=135user='mockbuild'timeout=0logger=<mockbuild.trace_decorator.getLog object at 0x1b0b610>uid=1000)
Executing command: ['bash', '--login', '-c', '/usr/bin/rpmbuild -bs --target x86_64 --nodeps /builddir/build/SPECS/grafana_dashboards.spec'] with env {'LANG': 'en_US.UTF-8', 'TERM': 'vt100', 'SHELL': '/bin/bash', 'HOSTNAME': 'mock', 'PROMPT_COMMAND': 'printf "\\033]0;<mock-chroot>\\007"', 'HOME': '/builddir', 'PATH': '/usr/bin:/bin:/usr/sbin:/sbin', 'PS1': '<mock-chroot> \\s-\\v\\$ '} and shell False
warning: Could not canonicalize hostname: racerx
Building target platforms: x86_64
Building for target x86_64
Wrote: /builddir/build/SRPMS/grafana-dashboards-simp-0.0.1-Alpha.src.rpm
Child return code was: 0
Mock Version: 1.2.20
ENTER ['do'](['bash', '--login', '-c', '/usr/bin/rpmbuild -bs --target x86_64 --nodeps /builddir/build/SPECS/grafana_dashboards.spec'], chrootPath='/var/lib/mock/epel-7-x86_64/root'shell=FalseprintOutput=Falseenv={'LANG': 'en_US.UTF-8', 'TERM': 'vt100', 'SHELL': '/bin/bash', 'HOSTNAME': 'mock', 'PROMPT_COMMAND': 'printf "\\033]0;<mock-chroot>\\007"', 'HOME': '/builddir', 'PATH': '/usr/bin:/bin:/usr/sbin:/sbin', 'PS1': '<mock-chroot> \\s-\\v\\$ '}gid=135user='mockbuild'timeout=0logger=<mockbuild.trace_decorator.getLog object at 0x13c9610>uid=1000)
Executing command: ['bash', '--login', '-c', '/usr/bin/rpmbuild -bs --target x86_64 --nodeps /builddir/build/SPECS/grafana_dashboards.spec'] with env {'LANG': 'en_US.UTF-8', 'TERM': 'vt100', 'SHELL': '/bin/bash', 'HOSTNAME': 'mock', 'PROMPT_COMMAND': 'printf "\\033]0;<mock-chroot>\\007"', 'HOME': '/builddir', 'PATH': '/usr/bin:/bin:/usr/sbin:/sbin', 'PS1': '<mock-chroot> \\s-\\v\\$ '} and shell False
warning: Could not canonicalize hostname: racerx
Building target platforms: x86_64
Building for target x86_64
Wrote: /builddir/build/SRPMS/grafana-dashboards-simp-0.0.1-Alpha.src.rpm
Child return code was: 0
ENTER ['do'](['bash', '--login', '-c', u'/usr/bin/rpmbuild -bb --target x86_64 --nodeps /builddir/build/SPECS/grafana_dashboards.spec'], chrootPath='/var/lib/mock/epel-7-x86_64/root'shell=Falseuid=1000env={'LANG': 'en_US.UTF-8', 'TERM': 'vt100', 'SHELL': '/bin/bash', 'HOSTNAME': 'mock', 'PROMPT_COMMAND': 'printf "\\033]0;<mock-chroot>\\007"', 'HOME': '/builddir', 'PATH': '/usr/bin:/bin:/usr/sbin:/sbin', 'PS1': '<mock-chroot> \\s-\\v\\$ '}gid=135user='mockbuild'timeout=0private_network=Truelogger=<mockbuild.trace_decorator.getLog object at 0x13c9610>printOutput=False)
Executing command: ['bash', '--login', '-c', u'/usr/bin/rpmbuild -bb --target x86_64 --nodeps /builddir/build/SPECS/grafana_dashboards.spec'] with env {'LANG': 'en_US.UTF-8', 'TERM': 'vt100', 'SHELL': '/bin/bash', 'HOSTNAME': 'mock', 'PROMPT_COMMAND': 'printf "\\033]0;<mock-chroot>\\007"', 'HOME': '/builddir', 'PATH': '/usr/bin:/bin:/usr/sbin:/sbin', 'PS1': '<mock-chroot> \\s-\\v\\$ '} and shell False
Building target platforms: x86_64
Building for target x86_64
Executing(%prep): /bin/sh -e /var/tmp/rpm-tmp.LianjZ
+ umask 022
+ cd /builddir/build/BUILD
+ cd /builddir/build/BUILD
+ rm -rf grafana-dashboards-simp-0.0.1
+ /usr/bin/gzip -dc /builddir/build/SOURCES/grafana-dashboards-simp-0.0.1-Alpha.tar.gz
+ /usr/bin/tar -xf -
+ STATUS=0
+ '[' 0 -ne 0 ']'
+ cd grafana-dashboards-simp-0.0.1
+ /usr/bin/chmod -Rf a+rX,u+w,g-w,o-w .
+ exit 0
Executing(%build): /bin/sh -e /var/tmp/rpm-tmp.GSvrFE
+ umask 022
+ cd /builddir/build/BUILD
+ cd grafana-dashboards-simp-0.0.1
+ exit 0
Executing(%install): /bin/sh -e /var/tmp/rpm-tmp.dTxK1j
+ umask 022
+ cd /builddir/build/BUILD
+ '[' /builddir/build/BUILDROOT/grafana-dashboards-simp-0.0.1-Alpha.x86_64 '!=' / ']'
+ rm -rf /builddir/build/BUILDROOT/grafana-dashboards-simp-0.0.1-Alpha.x86_64
++ dirname /builddir/build/BUILDROOT/grafana-dashboards-simp-0.0.1-Alpha.x86_64
+ mkdir -p /builddir/build/BUILDROOT
+ mkdir /builddir/build/BUILDROOT/grafana-dashboards-simp-0.0.1-Alpha.x86_64
+ cd grafana-dashboards-simp-0.0.1
+ mkdir -p /builddir/build/BUILDROOT/grafana-dashboards-simp-0.0.1-Alpha.x86_64/var/lib/grafana/dashboards
+ install -p -m 640 -D src/ssh.json /builddir/build/BUILDROOT/grafana-dashboards-simp-0.0.1-Alpha.x86_64/var/lib/grafana/dashboards
+ /usr/lib/rpm/find-debuginfo.sh --strict-build-id -m --run-dwz --dwz-low-mem-die-limit 10000000 --dwz-max-die-limit 110000000 /builddir/build/BUILD/grafana-dashboards-simp-0.0.1
/usr/lib/rpm/sepdebugcrcfix: Updated 0 CRC32s, 0 CRC32s did match.
+ /usr/lib/rpm/check-buildroot
+ /usr/lib/rpm/redhat/brp-compress
+ /usr/lib/rpm/redhat/brp-strip-static-archive /usr/bin/strip
+ /usr/lib/rpm/brp-python-bytecompile /usr/bin/python 1
+ /usr/lib/rpm/redhat/brp-python-hardlink
+ /usr/lib/rpm/redhat/brp-java-repack-jars
Processing files: grafana-dashboards-simp-0.0.1-Alpha.noarch
Provides: config(grafana-dashboards-simp) = 0.0.1-Alpha grafana-dashboards-simp = 0.0.1-Alpha
Requires(interp): /bin/sh /bin/sh
Requires(rpmlib): rpmlib(CompressedFileNames) <= 3.0.4-1 rpmlib(FileDigests) <= 4.6.0-1 rpmlib(PayloadFilesHavePrefix) <= 4.0-1
Requires(post): /bin/sh
Requires(postun): /bin/sh
Checking for unpackaged file(s): /usr/lib/rpm/check-files /builddir/build/BUILDROOT/grafana-dashboards-simp-0.0.1-Alpha.x86_64
warning: Could not canonicalize hostname: racerx
Wrote: /builddir/build/RPMS/grafana-dashboards-simp-0.0.1-Alpha.noarch.rpm
Executing(%clean): /bin/sh -e /var/tmp/rpm-tmp.x3tL8E
+ umask 022
+ cd /builddir/build/BUILD
+ cd grafana-dashboards-simp-0.0.1
+ '[' /builddir/build/BUILDROOT/grafana-dashboards-simp-0.0.1-Alpha.x86_64 '!=' / ']'
+ rm -rf /builddir/build/BUILDROOT/grafana-dashboards-simp-0.0.1-Alpha.x86_64
+ exit 0
Child return code was: 0
Mock Version: 1.2.20
Mock Version: 1.2.20
Mock Version: 1.2.20
Mock Version: 1.2.20
Mock Version: 1.2.20
Mock Version: 1.2.20
Mock Version: 1.2.20
ENTER ['do'](['bash', '--login', '-c', '/usr/bin/rpmbuild -bs --target x86_64 --nodeps /builddir/build/SPECS/grafana_dashboards.spec'], chrootPath='/var/lib/mock/epel-7-x86_64/root'shell=FalseprintOutput=Falseenv={'LANG': 'en_US.UTF-8', 'TERM': 'vt100', 'SHELL': '/bin/bash', 'HOSTNAME': 'mock', 'PROMPT_COMMAND': 'printf "\\033]0;<mock-chroot>\\007"', 'HOME': '/builddir', 'PATH': '/usr/bin:/bin:/usr/sbin:/sbin', 'PS1': '<mock-chroot> \\s-\\v\\$ '}gid=135user='mockbuild'timeout=0logger=<mockbuild.trace_decorator.getLog object at 0x174c610>uid=1000)
Executing command: ['bash', '--login', '-c', '/usr/bin/rpmbuild -bs --target x86_64 --nodeps /builddir/build/SPECS/grafana_dashboards.spec'] with env {'LANG': 'en_US.UTF-8', 'TERM': 'vt100', 'SHELL': '/bin/bash', 'HOSTNAME': 'mock', 'PROMPT_COMMAND': 'printf "\\033]0;<mock-chroot>\\007"', 'HOME': '/builddir', 'PATH': '/usr/bin:/bin:/usr/sbin:/sbin', 'PS1': '<mock-chroot> \\s-\\v\\$ '} and shell False
warning: Could not canonicalize hostname: racerx
Building target platforms: x86_64
Building for target x86_64
Wrote: /builddir/build/SRPMS/grafana-dashboards-simp-0.0.1-Alpha.src.rpm
Child return code was: 0
Mock Version: 1.2.20
ENTER ['do'](['bash', '--login', '-c', '/usr/bin/rpmbuild -bs --target x86_64 --nodeps /builddir/build/SPECS/grafana_dashboards.spec'], chrootPath='/var/lib/mock/epel-7-x86_64/root'shell=FalseprintOutput=Falseenv={'LANG': 'en_US.UTF-8', 'TERM': 'vt100', 'SHELL': '/bin/bash', 'HOSTNAME': 'mock', 'PROMPT_COMMAND': 'printf "\\033]0;<mock-chroot>\\007"', 'HOME': '/builddir', 'PATH': '/usr/bin:/bin:/usr/sbin:/sbin', 'PS1': '<mock-chroot> \\s-\\v\\$ '}gid=135user='mockbuild'timeout=0logger=<mockbuild.trace_decorator.getLog object at 0x1310610>uid=1000)
Executing command: ['bash', '--login', '-c', '/usr/bin/rpmbuild -bs --target x86_64 --nodeps /builddir/build/SPECS/grafana_dashboards.spec'] with env {'LANG': 'en_US.UTF-8', 'TERM': 'vt100', 'SHELL': '/bin/bash', 'HOSTNAME': 'mock', 'PROMPT_COMMAND': 'printf "\\033]0;<mock-chroot>\\007"', 'HOME': '/builddir', 'PATH': '/usr/bin:/bin:/usr/sbin:/sbin', 'PS1': '<mock-chroot> \\s-\\v\\$ '} and shell False
warning: Could not canonicalize hostname: racerx
Building target platforms: x86_64
Building for target x86_64
Wrote: /builddir/build/SRPMS/grafana-dashboards-simp-0.0.1-Alpha.src.rpm
Child return code was: 0
ENTER ['do'](['bash', '--login', '-c', u'/usr/bin/rpmbuild -bb --target x86_64 --nodeps /builddir/build/SPECS/grafana_dashboards.spec'], chrootPath='/var/lib/mock/epel-7-x86_64/root'shell=Falseuid=1000env={'LANG': 'en_US.UTF-8', 'TERM': 'vt100', 'SHELL': '/bin/bash', 'HOSTNAME': 'mock', 'PROMPT_COMMAND': 'printf "\\033]0;<mock-chroot>\\007"', 'HOME': '/builddir', 'PATH': '/usr/bin:/bin:/usr/sbin:/sbin', 'PS1': '<mock-chroot> \\s-\\v\\$ '}gid=135user='mockbuild'timeout=0private_network=Truelogger=<mockbuild.trace_decorator.getLog object at 0x1310610>printOutput=False)
Executing command: ['bash', '--login', '-c', u'/usr/bin/rpmbuild -bb --target x86_64 --nodeps /builddir/build/SPECS/grafana_dashboards.spec'] with env {'LANG': 'en_US.UTF-8', 'TERM': 'vt100', 'SHELL': '/bin/bash', 'HOSTNAME': 'mock', 'PROMPT_COMMAND': 'printf "\\033]0;<mock-chroot>\\007"', 'HOME': '/builddir', 'PATH': '/usr/bin:/bin:/usr/sbin:/sbin', 'PS1': '<mock-chroot> \\s-\\v\\$ '} and shell False
Building target platforms: x86_64
Building for target x86_64
Executing(%prep): /bin/sh -e /var/tmp/rpm-tmp.Wyq1TJ
+ umask 022
+ cd /builddir/build/BUILD
+ cd /builddir/build/BUILD
+ rm -rf grafana-dashboards-simp-0.0.1
+ /usr/bin/gzip -dc /builddir/build/SOURCES/grafana-dashboards-simp-0.0.1-Alpha.tar.gz
+ /usr/bin/tar -xf -
+ STATUS=0
+ '[' 0 -ne 0 ']'
+ cd grafana-dashboards-simp-0.0.1
+ /usr/bin/chmod -Rf a+rX,u+w,g-w,o-w .
+ exit 0
Executing(%build): /bin/sh -e /var/tmp/rpm-tmp.qpAxm8
+ umask 022
+ cd /builddir/build/BUILD
+ cd grafana-dashboards-simp-0.0.1
+ exit 0
Executing(%install): /bin/sh -e /var/tmp/rpm-tmp.eAxjPw
+ umask 022
+ cd /builddir/build/BUILD
+ '[' /builddir/build/BUILDROOT/grafana-dashboards-simp-0.0.1-Alpha.x86_64 '!=' / ']'
+ rm -rf /builddir/build/BUILDROOT/grafana-dashboards-simp-0.0.1-Alpha.x86_64
++ dirname /builddir/build/BUILDROOT/grafana-dashboards-simp-0.0.1-Alpha.x86_64
+ mkdir -p /builddir/build/BUILDROOT
+ mkdir /builddir/build/BUILDROOT/grafana-dashboards-simp-0.0.1-Alpha.x86_64
+ cd grafana-dashboards-simp-0.0.1
+ mkdir -p /builddir/build/BUILDROOT/grafana-dashboards-simp-0.0.1-Alpha.x86_64/var/lib/grafana/dashboards
+ install -p -m 640 -D src/blah.json src/ssh.json /builddir/build/BUILDROOT/grafana-dashboards-simp-0.0.1-Alpha.x86_64/var/lib/grafana/dashboards
+ /usr/lib/rpm/find-debuginfo.sh --strict-build-id -m --run-dwz --dwz-low-mem-die-limit 10000000 --dwz-max-die-limit 110000000 /builddir/build/BUILD/grafana-dashboards-simp-0.0.1
/usr/lib/rpm/sepdebugcrcfix: Updated 0 CRC32s, 0 CRC32s did match.
+ /usr/lib/rpm/check-buildroot
+ /usr/lib/rpm/redhat/brp-compress
+ /usr/lib/rpm/redhat/brp-strip-static-archive /usr/bin/strip
+ /usr/lib/rpm/brp-python-bytecompile /usr/bin/python 1
+ /usr/lib/rpm/redhat/brp-python-hardlink
+ /usr/lib/rpm/redhat/brp-java-repack-jars
Processing files: grafana-dashboards-simp-0.0.1-Alpha.noarch
Provides: config(grafana-dashboards-simp) = 0.0.1-Alpha grafana-dashboards-simp = 0.0.1-Alpha
Requires(interp): /bin/sh /bin/sh
Requires(rpmlib): rpmlib(CompressedFileNames) <= 3.0.4-1 rpmlib(FileDigests) <= 4.6.0-1 rpmlib(PayloadFilesHavePrefix) <= 4.0-1
Requires(post): /bin/sh
Requires(postun): /bin/sh
Checking for unpackaged file(s): /usr/lib/rpm/check-files /builddir/build/BUILDROOT/grafana-dashboards-simp-0.0.1-Alpha.x86_64
warning: Could not canonicalize hostname: racerx
Wrote: /builddir/build/RPMS/grafana-dashboards-simp-0.0.1-Alpha.noarch.rpm
Executing(%clean): /bin/sh -e /var/tmp/rpm-tmp.6ecmak
+ umask 022
+ cd /builddir/build/BUILD
+ cd grafana-dashboards-simp-0.0.1
+ '[' /builddir/build/BUILDROOT/grafana-dashboards-simp-0.0.1-Alpha.x86_64 '!=' / ']'
+ rm -rf /builddir/build/BUILDROOT/grafana-dashboards-simp-0.0.1-Alpha.x86_64
+ exit 0
Child return code was: 0
Mock Version: 1.2.20
Mock Version: 1.2.20
Mock Version: 1.2.20
Mock Version: 1.2.20
Mock Version: 1.2.20
Mock Version: 1.2.20
Mock Version: 1.2.20
ENTER ['do'](['bash', '--login', '-c', '/usr/bin/rpmbuild -bs --target x86_64 --nodeps /builddir/build/SPECS/grafana_dashboards.spec'], chrootPath='/var/lib/mock/epel-7-x86_64/root'shell=FalseprintOutput=Falseenv={'LANG': 'en_US.UTF-8', 'TERM': 'vt100', 'SHELL': '/bin/bash', 'HOSTNAME': 'mock', 'PROMPT_COMMAND': 'printf "\\033]0;<mock-chroot>\\007"', 'HOME': '/builddir', 'PATH': '/usr/bin:/bin:/usr/sbin:/sbin', 'PS1': '<mock-chroot> \\s-\\v\\$ '}gid=135user='mockbuild'timeout=0logger=<mockbuild.trace_decorator.getLog object at 0x10ab610>uid=1000)
Executing command: ['bash', '--login', '-c', '/usr/bin/rpmbuild -bs --target x86_64 --nodeps /builddir/build/SPECS/grafana_dashboards.spec'] with env {'LANG': 'en_US.UTF-8', 'TERM': 'vt100', 'SHELL': '/bin/bash', 'HOSTNAME': 'mock', 'PROMPT_COMMAND': 'printf "\\033]0;<mock-chroot>\\007"', 'HOME': '/builddir', 'PATH': '/usr/bin:/bin:/usr/sbin:/sbin', 'PS1': '<mock-chroot> \\s-\\v\\$ '} and shell False
warning: Could not canonicalize hostname: racerx
Building target platforms: x86_64
Building for target x86_64
Wrote: /builddir/build/SRPMS/grafana-dashboards-simp-0.0.1-Alpha.src.rpm
Child return code was: 0
Mock Version: 1.2.20
ENTER ['do'](['bash', '--login', '-c', '/usr/bin/rpmbuild -bs --target x86_64 --nodeps /builddir/build/SPECS/grafana_dashboards.spec'], chrootPath='/var/lib/mock/epel-7-x86_64/root'shell=FalseprintOutput=Falseenv={'LANG': 'en_US.UTF-8', 'TERM': 'vt100', 'SHELL': '/bin/bash', 'HOSTNAME': 'mock', 'PROMPT_COMMAND': 'printf "\\033]0;<mock-chroot>\\007"', 'HOME': '/builddir', 'PATH': '/usr/bin:/bin:/usr/sbin:/sbin', 'PS1': '<mock-chroot> \\s-\\v\\$ '}gid=135user='mockbuild'timeout=0logger=<mockbuild.trace_decorator.getLog object at 0xfc5610>uid=1000)
Executing command: ['bash', '--login', '-c', '/usr/bin/rpmbuild -bs --target x86_64 --nodeps /builddir/build/SPECS/grafana_dashboards.spec'] with env {'LANG': 'en_US.UTF-8', 'TERM': 'vt100', 'SHELL': '/bin/bash', 'HOSTNAME': 'mock', 'PROMPT_COMMAND': 'printf "\\033]0;<mock-chroot>\\007"', 'HOME': '/builddir', 'PATH': '/usr/bin:/bin:/usr/sbin:/sbin', 'PS1': '<mock-chroot> \\s-\\v\\$ '} and shell False
warning: Could not canonicalize hostname: racerx
Building target platforms: x86_64
Building for target x86_64
Wrote: /builddir/build/SRPMS/grafana-dashboards-simp-0.0.1-Alpha.src.rpm
Child return code was: 0
ENTER ['do'](['bash', '--login', '-c', u'/usr/bin/rpmbuild -bb --target x86_64 --nodeps /builddir/build/SPECS/grafana_dashboards.spec'], chrootPath='/var/lib/mock/epel-7-x86_64/root'shell=Falseuid=1000env={'LANG': 'en_US.UTF-8', 'TERM': 'vt100', 'SHELL': '/bin/bash', 'HOSTNAME': 'mock', 'PROMPT_COMMAND': 'printf "\\033]0;<mock-chroot>\\007"', 'HOME': '/builddir', 'PATH': '/usr/bin:/bin:/usr/sbin:/sbin', 'PS1': '<mock-chroot> \\s-\\v\\$ '}gid=135user='mockbuild'timeout=0private_network=Truelogger=<mockbuild.trace_decorator.getLog object at 0xfc5610>printOutput=False)
Executing command: ['bash', '--login', '-c', u'/usr/bin/rpmbuild -bb --target x86_64 --nodeps /builddir/build/SPECS/grafana_dashboards.spec'] with env {'LANG': 'en_US.UTF-8', 'TERM': 'vt100', 'SHELL': '/bin/bash', 'HOSTNAME': 'mock', 'PROMPT_COMMAND': 'printf "\\033]0;<mock-chroot>\\007"', 'HOME': '/builddir', 'PATH': '/usr/bin:/bin:/usr/sbin:/sbin', 'PS1': '<mock-chroot> \\s-\\v\\$ '} and shell False
Building target platforms: x86_64
Building for target x86_64
Executing(%prep): /bin/sh -e /var/tmp/rpm-tmp.Xv4G9r
+ umask 022
+ cd /builddir/build/BUILD
+ cd /builddir/build/BUILD
+ rm -rf grafana-dashboards-simp-0.0.1
+ /usr/bin/gzip -dc /builddir/build/SOURCES/grafana-dashboards-simp-0.0.1-Alpha.tar.gz
+ /usr/bin/tar -xf -
+ STATUS=0
+ '[' 0 -ne 0 ']'
+ cd grafana-dashboards-simp-0.0.1
+ /usr/bin/chmod -Rf a+rX,u+w,g-w,o-w .
+ exit 0
Executing(%build): /bin/sh -e /var/tmp/rpm-tmp.L1lgCJ
+ umask 022
+ cd /builddir/build/BUILD
+ cd grafana-dashboards-simp-0.0.1
+ exit 0
Executing(%install): /bin/sh -e /var/tmp/rpm-tmp.nvd940
+ umask 022
+ cd /builddir/build/BUILD
+ '[' /builddir/build/BUILDROOT/grafana-dashboards-simp-0.0.1-Alpha.x86_64 '!=' / ']'
+ rm -rf /builddir/build/BUILDROOT/grafana-dashboards-simp-0.0.1-Alpha.x86_64
++ dirname /builddir/build/BUILDROOT/grafana-dashboards-simp-0.0.1-Alpha.x86_64
+ mkdir -p /builddir/build/BUILDROOT
+ mkdir /builddir/build/BUILDROOT/grafana-dashboards-simp-0.0.1-Alpha.x86_64
+ cd grafana-dashboards-simp-0.0.1
+ mkdir -p /builddir/build/BUILDROOT/grafana-dashboards-simp-0.0.1-Alpha.x86_64/var/lib/grafana/dashboards
+ install -p -m 640 -D src/blah.json src/ssh.json /builddir/build/BUILDROOT/grafana-dashboards-simp-0.0.1-Alpha.x86_64/var/lib/grafana/dashboards
+ /usr/lib/rpm/find-debuginfo.sh --strict-build-id -m --run-dwz --dwz-low-mem-die-limit 10000000 --dwz-max-die-limit 110000000 /builddir/build/BUILD/grafana-dashboards-simp-0.0.1
/usr/lib/rpm/sepdebugcrcfix: Updated 0 CRC32s, 0 CRC32s did match.
+ /usr/lib/rpm/check-buildroot
+ /usr/lib/rpm/redhat/brp-compress
+ /usr/lib/rpm/redhat/brp-strip-static-archive /usr/bin/strip
+ /usr/lib/rpm/brp-python-bytecompile /usr/bin/python 1
+ /usr/lib/rpm/redhat/brp-python-hardlink
+ /usr/lib/rpm/redhat/brp-java-repack-jars
Processing files: grafana-dashboards-simp-0.0.1-Alpha.noarch
Provides: config(grafana-dashboards-simp) = 0.0.1-Alpha grafana-dashboards-simp = 0.0.1-Alpha
Requires(interp): /bin/sh /bin/sh
Requires(rpmlib): rpmlib(CompressedFileNames) <= 3.0.4-1 rpmlib(FileDigests) <= 4.6.0-1 rpmlib(PayloadFilesHavePrefix) <= 4.0-1
Requires(post): /bin/sh
Requires(postun): /bin/sh
Checking for unpackaged file(s): /usr/lib/rpm/check-files /builddir/build/BUILDROOT/grafana-dashboards-simp-0.0.1-Alpha.x86_64
warning: Could not canonicalize hostname: racerx
Wrote: /builddir/build/RPMS/grafana-dashboards-simp-0.0.1-Alpha.noarch.rpm
Executing(%clean): /bin/sh -e /var/tmp/rpm-tmp.96QMsA
+ umask 022
+ cd /builddir/build/BUILD
+ cd grafana-dashboards-simp-0.0.1
+ '[' /builddir/build/BUILDROOT/grafana-dashboards-simp-0.0.1-Alpha.x86_64 '!=' / ']'
+ rm -rf /builddir/build/BUILDROOT/grafana-dashboards-simp-0.0.1-Alpha.x86_64
+ exit 0
Child return code was: 0
